[16-Jun-2022 16:53:35 UTC] PHP Warning:  PHP Startup: Unable to load dynamic library 'php_imagick.dll' (tried: C:/Program Files (x86)/Local/resources/extraResources/lightning-services/php-7.4.1+18/bin/win64/ext\php_imagick.dll (Le module spécifié est introuvable.), C:/Program Files (x86)/Local/resources/extraResources/lightning-services/php-7.4.1+18/bin/win64/ext\php_php_imagick.dll.dll (Le module spécifié est introuvable.)) in Unknown on line 0
[16-Jun-2022 16:53:36 UTC] PHP Warning:  PHP Startup: Unable to load dynamic library 'php_imagick.dll' (tried: C:/Program Files (x86)/Local/resources/extraResources/lightning-services/php-7.4.1+18/bin/win64/ext\php_imagick.dll (Le module spécifié est introuvable.), C:/Program Files (x86)/Local/resources/extraResources/lightning-services/php-7.4.1+18/bin/win64/ext\php_php_imagick.dll.dll (Le module spécifié est introuvable.)) in Unknown on line 0
[16-Jun-2022 16:53:36 UTC] PHP Warning:  PHP Startup: Unable to load dynamic library 'php_imagick.dll' (tried: C:/Program Files (x86)/Local/resources/extraResources/lightning-services/php-7.4.1+18/bin/win64/ext\php_imagick.dll (Le module spécifié est introuvable.), C:/Program Files (x86)/Local/resources/extraResources/lightning-services/php-7.4.1+18/bin/win64/ext\php_php_imagick.dll.dll (Le module spécifié est introuvable.)) in Unknown on line 0
[16-Jun-2022 16:53:36 UTC] PHP Warning:  PHP Startup: Unable to load dynamic library 'php_imagick.dll' (tried: C:/Program Files (x86)/Local/resources/extraResources/lightning-services/php-7.4.1+18/bin/win64/ext\php_imagick.dll (Le module spécifié est introuvable.), C:/Program Files (x86)/Local/resources/extraResources/lightning-services/php-7.4.1+18/bin/win64/ext\php_php_imagick.dll.dll (Le module spécifié est introuvable.)) in Unknown on line 0
[16-Jun-2022 17:36:15 UTC] PHP Warning:  PHP Startup: Unable to load dynamic library 'php_imagick.dll' (tried: C:/Program Files (x86)/Local/resources/extraResources/lightning-services/php-7.4.1+18/bin/win64/ext\php_imagick.dll (Le module spécifié est introuvable.), C:/Program Files (x86)/Local/resources/extraResources/lightning-services/php-7.4.1+18/bin/win64/ext\php_php_imagick.dll.dll (Le module spécifié est introuvable.)) in Unknown on line 0
[16-Jun-2022 17:36:16 UTC] PHP Warning:  PHP Startup: Unable to load dynamic library 'php_imagick.dll' (tried: C:/Program Files (x86)/Local/resources/extraResources/lightning-services/php-7.4.1+18/bin/win64/ext\php_imagick.dll (Le module spécifié est introuvable.), C:/Program Files (x86)/Local/resources/extraResources/lightning-services/php-7.4.1+18/bin/win64/ext\php_php_imagick.dll.dll (Le module spécifié est introuvable.)) in Unknown on line 0
[16-Jun-2022 17:36:16 UTC] PHP Warning:  PHP Startup: Unable to load dynamic library 'php_imagick.dll' (tried: C:/Program Files (x86)/Local/resources/extraResources/lightning-services/php-7.4.1+18/bin/win64/ext\php_imagick.dll (Le module spécifié est introuvable.), C:/Program Files (x86)/Local/resources/extraResources/lightning-services/php-7.4.1+18/bin/win64/ext\php_php_imagick.dll.dll (Le module spécifié est introuvable.)) in Unknown on line 0
[16-Jun-2022 17:36:16 UTC] PHP Warning:  PHP Startup: Unable to load dynamic library 'php_imagick.dll' (tried: C:/Program Files (x86)/Local/resources/extraResources/lightning-services/php-7.4.1+18/bin/win64/ext\php_imagick.dll (Le module spécifié est introuvable.), C:/Program Files (x86)/Local/resources/extraResources/lightning-services/php-7.4.1+18/bin/win64/ext\php_php_imagick.dll.dll (Le module spécifié est introuvable.)) in Unknown on line 0
[17-Jun-2022 05:53:30 UTC] PHP Fatal error:  Uncaught Roots\WPConfig\Exceptions\ConstantAlreadyDefinedException: Aborted trying to redefine constant 'DISALLOW_FILE_EDIT'. `define('DISALLOW_FILE_EDIT', ...)` has already been occurred elsewhere. in C:\Users\Jujue\Local Sites\online-health-coach\app\bedrock\vendor\roots\wp-config\src\Config.php:106
Stack trace:
#0 C:\Users\Jujue\Local Sites\online-health-coach\app\bedrock\vendor\roots\wp-config\src\Config.php(26): Roots\WPConfig\Config::defined('DISALLOW_FILE_E...')
#1 C:\Users\Jujue\Local Sites\online-health-coach\app\bedrock\config\application.php(102): Roots\WPConfig\Config::define('DISALLOW_FILE_E...', true)
#2 C:\Users\Jujue\Local Sites\online-health-coach\app\bedrock\web\wp-config.php(14): require_once('C:\\Users\\Jujue\\...')
#3 C:\Users\Jujue\Local Sites\online-health-coach\app\bedrock\web\wp\wp-load.php(55): require_once('C:\\Users\\Jujue\\...')
#4 C:\Users\Jujue\Local Sites\online-health-coach\app\bedrock\web\wp\wp-blog-header.php(13): require_once('C:\\Users\\Jujue\\...')
#5 C:\Users\Jujue\Local in C:\Users\Jujue\Local Sites\online-health-coach\app\bedrock\vendor\roots\wp-config\src\Config.php on line 106
[17-Jun-2022 05:53:31 UTC] PHP Fatal error:  Uncaught Roots\WPConfig\Exceptions\ConstantAlreadyDefinedException: Aborted trying to redefine constant 'DISALLOW_FILE_EDIT'. `define('DISALLOW_FILE_EDIT', ...)` has already been occurred elsewhere. in C:\Users\Jujue\Local Sites\online-health-coach\app\bedrock\vendor\roots\wp-config\src\Config.php:106
Stack trace:
#0 C:\Users\Jujue\Local Sites\online-health-coach\app\bedrock\vendor\roots\wp-config\src\Config.php(26): Roots\WPConfig\Config::defined('DISALLOW_FILE_E...')
#1 C:\Users\Jujue\Local Sites\online-health-coach\app\bedrock\config\application.php(102): Roots\WPConfig\Config::define('DISALLOW_FILE_E...', true)
#2 C:\Users\Jujue\Local Sites\online-health-coach\app\bedrock\web\wp-config.php(14): require_once('C:\\Users\\Jujue\\...')
#3 C:\Users\Jujue\Local Sites\online-health-coach\app\bedrock\web\wp\wp-load.php(55): require_once('C:\\Users\\Jujue\\...')
#4 C:\Users\Jujue\Local Sites\online-health-coach\app\bedrock\web\wp\wp-admin\admin.php(34): require_once('C:\\Users\\Jujue\\...')
#5 C:\Users\Jujue\Local in C:\Users\Jujue\Local Sites\online-health-coach\app\bedrock\vendor\roots\wp-config\src\Config.php on line 106
[17-Jun-2022 05:53:33 UTC] PHP Fatal error:  Uncaught Roots\WPConfig\Exceptions\ConstantAlreadyDefinedException: Aborted trying to redefine constant 'DISALLOW_FILE_EDIT'. `define('DISALLOW_FILE_EDIT', ...)` has already been occurred elsewhere. in C:\Users\Jujue\Local Sites\online-health-coach\app\bedrock\vendor\roots\wp-config\src\Config.php:106
Stack trace:
#0 C:\Users\Jujue\Local Sites\online-health-coach\app\bedrock\vendor\roots\wp-config\src\Config.php(26): Roots\WPConfig\Config::defined('DISALLOW_FILE_E...')
#1 C:\Users\Jujue\Local Sites\online-health-coach\app\bedrock\config\application.php(102): Roots\WPConfig\Config::define('DISALLOW_FILE_E...', true)
#2 C:\Users\Jujue\Local Sites\online-health-coach\app\bedrock\web\wp-config.php(14): require_once('C:\\Users\\Jujue\\...')
#3 C:\Users\Jujue\Local Sites\online-health-coach\app\bedrock\web\wp\wp-load.php(55): require_once('C:\\Users\\Jujue\\...')
#4 C:\Users\Jujue\Local Sites\online-health-coach\app\bedrock\web\wp\wp-admin\admin.php(34): require_once('C:\\Users\\Jujue\\...')
#5 C:\Users\Jujue\Local in C:\Users\Jujue\Local Sites\online-health-coach\app\bedrock\vendor\roots\wp-config\src\Config.php on line 106
[17-Jun-2022 05:53:34 UTC] PHP Fatal error:  Uncaught Roots\WPConfig\Exceptions\ConstantAlreadyDefinedException: Aborted trying to redefine constant 'DISALLOW_FILE_EDIT'. `define('DISALLOW_FILE_EDIT', ...)` has already been occurred elsewhere. in C:\Users\Jujue\Local Sites\online-health-coach\app\bedrock\vendor\roots\wp-config\src\Config.php:106
Stack trace:
#0 C:\Users\Jujue\Local Sites\online-health-coach\app\bedrock\vendor\roots\wp-config\src\Config.php(26): Roots\WPConfig\Config::defined('DISALLOW_FILE_E...')
#1 C:\Users\Jujue\Local Sites\online-health-coach\app\bedrock\config\application.php(102): Roots\WPConfig\Config::define('DISALLOW_FILE_E...', true)
#2 C:\Users\Jujue\Local Sites\online-health-coach\app\bedrock\web\wp-config.php(14): require_once('C:\\Users\\Jujue\\...')
#3 C:\Users\Jujue\Local Sites\online-health-coach\app\bedrock\web\wp\wp-load.php(55): require_once('C:\\Users\\Jujue\\...')
#4 C:\Users\Jujue\Local Sites\online-health-coach\app\bedrock\web\wp\wp-admin\admin.php(34): require_once('C:\\Users\\Jujue\\...')
#5 C:\Users\Jujue\Local in C:\Users\Jujue\Local Sites\online-health-coach\app\bedrock\vendor\roots\wp-config\src\Config.php on line 106
[17-Jun-2022 05:53:36 UTC] PHP Fatal error:  Uncaught Roots\WPConfig\Exceptions\ConstantAlreadyDefinedException: Aborted trying to redefine constant 'DISALLOW_FILE_EDIT'. `define('DISALLOW_FILE_EDIT', ...)` has already been occurred elsewhere. in C:\Users\Jujue\Local Sites\online-health-coach\app\bedrock\vendor\roots\wp-config\src\Config.php:106
Stack trace:
#0 C:\Users\Jujue\Local Sites\online-health-coach\app\bedrock\vendor\roots\wp-config\src\Config.php(26): Roots\WPConfig\Config::defined('DISALLOW_FILE_E...')
#1 C:\Users\Jujue\Local Sites\online-health-coach\app\bedrock\config\application.php(102): Roots\WPConfig\Config::define('DISALLOW_FILE_E...', true)
#2 C:\Users\Jujue\Local Sites\online-health-coach\app\bedrock\web\wp-config.php(14): require_once('C:\\Users\\Jujue\\...')
#3 C:\Users\Jujue\Local Sites\online-health-coach\app\bedrock\web\wp\wp-load.php(55): require_once('C:\\Users\\Jujue\\...')
#4 C:\Users\Jujue\Local Sites\online-health-coach\app\bedrock\web\wp\wp-admin\admin.php(34): require_once('C:\\Users\\Jujue\\...')
#5 C:\Users\Jujue\Local in C:\Users\Jujue\Local Sites\online-health-coach\app\bedrock\vendor\roots\wp-config\src\Config.php on line 106
[17-Jun-2022 05:53:36 UTC] PHP Fatal error:  Uncaught Roots\WPConfig\Exceptions\ConstantAlreadyDefinedException: Aborted trying to redefine constant 'DISALLOW_FILE_EDIT'. `define('DISALLOW_FILE_EDIT', ...)` has already been occurred elsewhere. in C:\Users\Jujue\Local Sites\online-health-coach\app\bedrock\vendor\roots\wp-config\src\Config.php:106
Stack trace:
#0 C:\Users\Jujue\Local Sites\online-health-coach\app\bedrock\vendor\roots\wp-config\src\Config.php(26): Roots\WPConfig\Config::defined('DISALLOW_FILE_E...')
#1 C:\Users\Jujue\Local Sites\online-health-coach\app\bedrock\config\application.php(102): Roots\WPConfig\Config::define('DISALLOW_FILE_E...', true)
#2 C:\Users\Jujue\Local Sites\online-health-coach\app\bedrock\web\wp-config.php(14): require_once('C:\\Users\\Jujue\\...')
#3 C:\Users\Jujue\Local Sites\online-health-coach\app\bedrock\web\wp\wp-load.php(55): require_once('C:\\Users\\Jujue\\...')
#4 C:\Users\Jujue\Local Sites\online-health-coach\app\bedrock\web\wp\wp-admin\admin.php(34): require_once('C:\\Users\\Jujue\\...')
#5 C:\Users\Jujue\Local in C:\Users\Jujue\Local Sites\online-health-coach\app\bedrock\vendor\roots\wp-config\src\Config.php on line 106
[17-Jun-2022 05:53:37 UTC] PHP Fatal error:  Uncaught Roots\WPConfig\Exceptions\ConstantAlreadyDefinedException: Aborted trying to redefine constant 'DISALLOW_FILE_EDIT'. `define('DISALLOW_FILE_EDIT', ...)` has already been occurred elsewhere. in C:\Users\Jujue\Local Sites\online-health-coach\app\bedrock\vendor\roots\wp-config\src\Config.php:106
Stack trace:
#0 C:\Users\Jujue\Local Sites\online-health-coach\app\bedrock\vendor\roots\wp-config\src\Config.php(26): Roots\WPConfig\Config::defined('DISALLOW_FILE_E...')
#1 C:\Users\Jujue\Local Sites\online-health-coach\app\bedrock\config\application.php(102): Roots\WPConfig\Config::define('DISALLOW_FILE_E...', true)
#2 C:\Users\Jujue\Local Sites\online-health-coach\app\bedrock\web\wp-config.php(14): require_once('C:\\Users\\Jujue\\...')
#3 C:\Users\Jujue\Local Sites\online-health-coach\app\bedrock\web\wp\wp-load.php(55): require_once('C:\\Users\\Jujue\\...')
#4 C:\Users\Jujue\Local Sites\online-health-coach\app\bedrock\web\wp\wp-admin\admin.php(34): require_once('C:\\Users\\Jujue\\...')
#5 C:\Users\Jujue\Local in C:\Users\Jujue\Local Sites\online-health-coach\app\bedrock\vendor\roots\wp-config\src\Config.php on line 106
[17-Jun-2022 05:54:34 UTC] PHP Fatal error:  Uncaught Roots\WPConfig\Exceptions\ConstantAlreadyDefinedException: Aborted trying to redefine constant 'DISALLOW_FILE_EDIT'. `define('DISALLOW_FILE_EDIT', ...)` has already been occurred elsewhere. in C:\Users\Jujue\Local Sites\online-health-coach\app\bedrock\vendor\roots\wp-config\src\Config.php:106
Stack trace:
#0 C:\Users\Jujue\Local Sites\online-health-coach\app\bedrock\vendor\roots\wp-config\src\Config.php(26): Roots\WPConfig\Config::defined('DISALLOW_FILE_E...')
#1 C:\Users\Jujue\Local Sites\online-health-coach\app\bedrock\config\application.php(102): Roots\WPConfig\Config::define('DISALLOW_FILE_E...', true)
#2 C:\Users\Jujue\Local Sites\online-health-coach\app\bedrock\web\wp-config.php(14): require_once('C:\\Users\\Jujue\\...')
#3 C:\Users\Jujue\Local Sites\online-health-coach\app\bedrock\web\wp\wp-load.php(55): require_once('C:\\Users\\Jujue\\...')
#4 C:\Users\Jujue\Local Sites\online-health-coach\app\bedrock\web\wp\wp-admin\admin.php(34): require_once('C:\\Users\\Jujue\\...')
#5 C:\Users\Jujue\Local in C:\Users\Jujue\Local Sites\online-health-coach\app\bedrock\vendor\roots\wp-config\src\Config.php on line 106
[17-Jun-2022 06:23:43 UTC] PHP Fatal error:  Uncaught Roots\WPConfig\Exceptions\ConstantAlreadyDefinedException: Aborted trying to redefine constant 'DISALLOW_FILE_EDIT'. `define('DISALLOW_FILE_EDIT', ...)` has already been occurred elsewhere. in C:\Users\Jujue\Local Sites\online-health-coach\app\bedrock\vendor\roots\wp-config\src\Config.php:106
Stack trace:
#0 C:\Users\Jujue\Local Sites\online-health-coach\app\bedrock\vendor\roots\wp-config\src\Config.php(26): Roots\WPConfig\Config::defined('DISALLOW_FILE_E...')
#1 C:\Users\Jujue\Local Sites\online-health-coach\app\bedrock\config\application.php(102): Roots\WPConfig\Config::define('DISALLOW_FILE_E...', true)
#2 C:\Users\Jujue\Local Sites\online-health-coach\app\bedrock\web\wp-config.php(14): require_once('C:\\Users\\Jujue\\...')
#3 C:\Users\Jujue\Local Sites\online-health-coach\app\bedrock\web\wp\wp-load.php(55): require_once('C:\\Users\\Jujue\\...')
#4 C:\Users\Jujue\Local Sites\online-health-coach\app\bedrock\web\wp\wp-admin\admin-ajax.php(22): require_once('C:\\Users\\Jujue\\...')
#5 {main}
  thrown in C:\Users\Jujue\Local Sites\online-health-coach\app\bedrock\vendor\roots\wp-config\src\Config.php on line 106
[17-Jun-2022 06:25:44 UTC] PHP Fatal error:  Uncaught Roots\WPConfig\Exceptions\ConstantAlreadyDefinedException: Aborted trying to redefine constant 'DISALLOW_FILE_EDIT'. `define('DISALLOW_FILE_EDIT', ...)` has already been occurred elsewhere. in C:\Users\Jujue\Local Sites\online-health-coach\app\bedrock\vendor\roots\wp-config\src\Config.php:106
Stack trace:
#0 C:\Users\Jujue\Local Sites\online-health-coach\app\bedrock\vendor\roots\wp-config\src\Config.php(26): Roots\WPConfig\Config::defined('DISALLOW_FILE_E...')
#1 C:\Users\Jujue\Local Sites\online-health-coach\app\bedrock\config\application.php(102): Roots\WPConfig\Config::define('DISALLOW_FILE_E...', true)
#2 C:\Users\Jujue\Local Sites\online-health-coach\app\bedrock\web\wp-config.php(14): require_once('C:\\Users\\Jujue\\...')
#3 C:\Users\Jujue\Local Sites\online-health-coach\app\bedrock\web\wp\wp-load.php(55): require_once('C:\\Users\\Jujue\\...')
#4 C:\Users\Jujue\Local Sites\online-health-coach\app\bedrock\web\wp\wp-admin\admin-ajax.php(22): require_once('C:\\Users\\Jujue\\...')
#5 {main}
  thrown in C:\Users\Jujue\Local Sites\online-health-coach\app\bedrock\vendor\roots\wp-config\src\Config.php on line 106
[17-Jun-2022 06:27:44 UTC] PHP Fatal error:  Uncaught Roots\WPConfig\Exceptions\ConstantAlreadyDefinedException: Aborted trying to redefine constant 'DISALLOW_FILE_EDIT'. `define('DISALLOW_FILE_EDIT', ...)` has already been occurred elsewhere. in C:\Users\Jujue\Local Sites\online-health-coach\app\bedrock\vendor\roots\wp-config\src\Config.php:106
Stack trace:
#0 C:\Users\Jujue\Local Sites\online-health-coach\app\bedrock\vendor\roots\wp-config\src\Config.php(26): Roots\WPConfig\Config::defined('DISALLOW_FILE_E...')
#1 C:\Users\Jujue\Local Sites\online-health-coach\app\bedrock\config\application.php(102): Roots\WPConfig\Config::define('DISALLOW_FILE_E...', true)
#2 C:\Users\Jujue\Local Sites\online-health-coach\app\bedrock\web\wp-config.php(14): require_once('C:\\Users\\Jujue\\...')
#3 C:\Users\Jujue\Local Sites\online-health-coach\app\bedrock\web\wp\wp-load.php(55): require_once('C:\\Users\\Jujue\\...')
#4 C:\Users\Jujue\Local Sites\online-health-coach\app\bedrock\web\wp\wp-admin\admin-ajax.php(22): require_once('C:\\Users\\Jujue\\...')
#5 {main}
  thrown in C:\Users\Jujue\Local Sites\online-health-coach\app\bedrock\vendor\roots\wp-config\src\Config.php on line 106
[17-Jun-2022 06:29:44 UTC] PHP Fatal error:  Uncaught Roots\WPConfig\Exceptions\ConstantAlreadyDefinedException: Aborted trying to redefine constant 'DISALLOW_FILE_EDIT'. `define('DISALLOW_FILE_EDIT', ...)` has already been occurred elsewhere. in C:\Users\Jujue\Local Sites\online-health-coach\app\bedrock\vendor\roots\wp-config\src\Config.php:106
Stack trace:
#0 C:\Users\Jujue\Local Sites\online-health-coach\app\bedrock\vendor\roots\wp-config\src\Config.php(26): Roots\WPConfig\Config::defined('DISALLOW_FILE_E...')
#1 C:\Users\Jujue\Local Sites\online-health-coach\app\bedrock\config\application.php(102): Roots\WPConfig\Config::define('DISALLOW_FILE_E...', true)
#2 C:\Users\Jujue\Local Sites\online-health-coach\app\bedrock\web\wp-config.php(14): require_once('C:\\Users\\Jujue\\...')
#3 C:\Users\Jujue\Local Sites\online-health-coach\app\bedrock\web\wp\wp-load.php(55): require_once('C:\\Users\\Jujue\\...')
#4 C:\Users\Jujue\Local Sites\online-health-coach\app\bedrock\web\wp\wp-admin\admin-ajax.php(22): require_once('C:\\Users\\Jujue\\...')
#5 {main}
  thrown in C:\Users\Jujue\Local Sites\online-health-coach\app\bedrock\vendor\roots\wp-config\src\Config.php on line 106
[17-Jun-2022 06:31:45 UTC] PHP Fatal error:  Uncaught Roots\WPConfig\Exceptions\ConstantAlreadyDefinedException: Aborted trying to redefine constant 'DISALLOW_FILE_EDIT'. `define('DISALLOW_FILE_EDIT', ...)` has already been occurred elsewhere. in C:\Users\Jujue\Local Sites\online-health-coach\app\bedrock\vendor\roots\wp-config\src\Config.php:106
Stack trace:
#0 C:\Users\Jujue\Local Sites\online-health-coach\app\bedrock\vendor\roots\wp-config\src\Config.php(26): Roots\WPConfig\Config::defined('DISALLOW_FILE_E...')
#1 C:\Users\Jujue\Local Sites\online-health-coach\app\bedrock\config\application.php(102): Roots\WPConfig\Config::define('DISALLOW_FILE_E...', true)
#2 C:\Users\Jujue\Local Sites\online-health-coach\app\bedrock\web\wp-config.php(14): require_once('C:\\Users\\Jujue\\...')
#3 C:\Users\Jujue\Local Sites\online-health-coach\app\bedrock\web\wp\wp-load.php(55): require_once('C:\\Users\\Jujue\\...')
#4 C:\Users\Jujue\Local Sites\online-health-coach\app\bedrock\web\wp\wp-admin\admin-ajax.php(22): require_once('C:\\Users\\Jujue\\...')
#5 {main}
  thrown in C:\Users\Jujue\Local Sites\online-health-coach\app\bedrock\vendor\roots\wp-config\src\Config.php on line 106
[17-Jun-2022 20:33:20 UTC] PHP Fatal error:  Uncaught Roots\WPConfig\Exceptions\ConstantAlreadyDefinedException: Aborted trying to redefine constant 'DISALLOW_FILE_EDIT'. `define('DISALLOW_FILE_EDIT', ...)` has already been occurred elsewhere. in C:\Users\Jujue\Local Sites\online-health-coach\app\bedrock\vendor\roots\wp-config\src\Config.php:106
Stack trace:
#0 C:\Users\Jujue\Local Sites\online-health-coach\app\bedrock\vendor\roots\wp-config\src\Config.php(26): Roots\WPConfig\Config::defined('DISALLOW_FILE_E...')
#1 C:\Users\Jujue\Local Sites\online-health-coach\app\bedrock\config\application.php(102): Roots\WPConfig\Config::define('DISALLOW_FILE_E...', true)
#2 C:\Users\Jujue\Local Sites\online-health-coach\app\bedrock\web\wp-config.php(14): require_once('C:\\Users\\Jujue\\...')
#3 C:\Users\Jujue\Local Sites\online-health-coach\app\bedrock\web\wp\wp-load.php(55): require_once('C:\\Users\\Jujue\\...')
#4 C:\Users\Jujue\Local Sites\online-health-coach\app\bedrock\web\wp\wp-admin\admin-ajax.php(22): require_once('C:\\Users\\Jujue\\...')
#5 {main}
  thrown in C:\Users\Jujue\Local Sites\online-health-coach\app\bedrock\vendor\roots\wp-config\src\Config.php on line 106
[17-Jun-2022 20:33:23 UTC] PHP Fatal error:  Uncaught Roots\WPConfig\Exceptions\ConstantAlreadyDefinedException: Aborted trying to redefine constant 'DISALLOW_FILE_EDIT'. `define('DISALLOW_FILE_EDIT', ...)` has already been occurred elsewhere. in C:\Users\Jujue\Local Sites\online-health-coach\app\bedrock\vendor\roots\wp-config\src\Config.php:106
Stack trace:
#0 C:\Users\Jujue\Local Sites\online-health-coach\app\bedrock\vendor\roots\wp-config\src\Config.php(26): Roots\WPConfig\Config::defined('DISALLOW_FILE_E...')
#1 C:\Users\Jujue\Local Sites\online-health-coach\app\bedrock\config\application.php(102): Roots\WPConfig\Config::define('DISALLOW_FILE_E...', true)
#2 C:\Users\Jujue\Local Sites\online-health-coach\app\bedrock\web\wp-config.php(14): require_once('C:\\Users\\Jujue\\...')
#3 C:\Users\Jujue\Local Sites\online-health-coach\app\bedrock\web\wp\wp-load.php(55): require_once('C:\\Users\\Jujue\\...')
#4 C:\Users\Jujue\Local Sites\online-health-coach\app\bedrock\web\wp\wp-admin\admin.php(34): require_once('C:\\Users\\Jujue\\...')
#5 C:\Users\Jujue\Local in C:\Users\Jujue\Local Sites\online-health-coach\app\bedrock\vendor\roots\wp-config\src\Config.php on line 106
[17-Jun-2022 20:33:24 UTC] PHP Fatal error:  Uncaught Roots\WPConfig\Exceptions\ConstantAlreadyDefinedException: Aborted trying to redefine constant 'DISALLOW_FILE_EDIT'. `define('DISALLOW_FILE_EDIT', ...)` has already been occurred elsewhere. in C:\Users\Jujue\Local Sites\online-health-coach\app\bedrock\vendor\roots\wp-config\src\Config.php:106
Stack trace:
#0 C:\Users\Jujue\Local Sites\online-health-coach\app\bedrock\vendor\roots\wp-config\src\Config.php(26): Roots\WPConfig\Config::defined('DISALLOW_FILE_E...')
#1 C:\Users\Jujue\Local Sites\online-health-coach\app\bedrock\config\application.php(102): Roots\WPConfig\Config::define('DISALLOW_FILE_E...', true)
#2 C:\Users\Jujue\Local Sites\online-health-coach\app\bedrock\web\wp-config.php(14): require_once('C:\\Users\\Jujue\\...')
#3 C:\Users\Jujue\Local Sites\online-health-coach\app\bedrock\web\wp\wp-load.php(55): require_once('C:\\Users\\Jujue\\...')
#4 C:\Users\Jujue\Local Sites\online-health-coach\app\bedrock\web\wp\wp-admin\admin.php(34): require_once('C:\\Users\\Jujue\\...')
#5 C:\Users\Jujue\Local in C:\Users\Jujue\Local Sites\online-health-coach\app\bedrock\vendor\roots\wp-config\src\Config.php on line 106
[17-Jun-2022 20:33:25 UTC] PHP Fatal error:  Uncaught Roots\WPConfig\Exceptions\ConstantAlreadyDefinedException: Aborted trying to redefine constant 'DISALLOW_FILE_EDIT'. `define('DISALLOW_FILE_EDIT', ...)` has already been occurred elsewhere. in C:\Users\Jujue\Local Sites\online-health-coach\app\bedrock\vendor\roots\wp-config\src\Config.php:106
Stack trace:
#0 C:\Users\Jujue\Local Sites\online-health-coach\app\bedrock\vendor\roots\wp-config\src\Config.php(26): Roots\WPConfig\Config::defined('DISALLOW_FILE_E...')
#1 C:\Users\Jujue\Local Sites\online-health-coach\app\bedrock\config\application.php(102): Roots\WPConfig\Config::define('DISALLOW_FILE_E...', true)
#2 C:\Users\Jujue\Local Sites\online-health-coach\app\bedrock\web\wp-config.php(14): require_once('C:\\Users\\Jujue\\...')
#3 C:\Users\Jujue\Local Sites\online-health-coach\app\bedrock\web\wp\wp-load.php(55): require_once('C:\\Users\\Jujue\\...')
#4 C:\Users\Jujue\Local Sites\online-health-coach\app\bedrock\web\wp\wp-admin\admin.php(34): require_once('C:\\Users\\Jujue\\...')
#5 C:\Users\Jujue\Local in C:\Users\Jujue\Local Sites\online-health-coach\app\bedrock\vendor\roots\wp-config\src\Config.php on line 106
[17-Jun-2022 20:33:31 UTC] PHP Fatal error:  Uncaught Roots\WPConfig\Exceptions\ConstantAlreadyDefinedException: Aborted trying to redefine constant 'DISALLOW_FILE_EDIT'. `define('DISALLOW_FILE_EDIT', ...)` has already been occurred elsewhere. in C:\Users\Jujue\Local Sites\online-health-coach\app\bedrock\vendor\roots\wp-config\src\Config.php:106
Stack trace:
#0 C:\Users\Jujue\Local Sites\online-health-coach\app\bedrock\vendor\roots\wp-config\src\Config.php(26): Roots\WPConfig\Config::defined('DISALLOW_FILE_E...')
#1 C:\Users\Jujue\Local Sites\online-health-coach\app\bedrock\config\application.php(102): Roots\WPConfig\Config::define('DISALLOW_FILE_E...', true)
#2 C:\Users\Jujue\Local Sites\online-health-coach\app\bedrock\web\wp-config.php(14): require_once('C:\\Users\\Jujue\\...')
#3 C:\Users\Jujue\Local Sites\online-health-coach\app\bedrock\web\wp\wp-load.php(55): require_once('C:\\Users\\Jujue\\...')
#4 C:\Users\Jujue\Local Sites\online-health-coach\app\bedrock\web\wp\wp-admin\admin.php(34): require_once('C:\\Users\\Jujue\\...')
#5 C:\Users\Jujue\Local in C:\Users\Jujue\Local Sites\online-health-coach\app\bedrock\vendor\roots\wp-config\src\Config.php on line 106
[17-Jun-2022 20:33:45 UTC] PHP Fatal error:  Uncaught Roots\WPConfig\Exceptions\ConstantAlreadyDefinedException: Aborted trying to redefine constant 'DISALLOW_FILE_EDIT'. `define('DISALLOW_FILE_EDIT', ...)` has already been occurred elsewhere. in C:\Users\Jujue\Local Sites\online-health-coach\app\bedrock\vendor\roots\wp-config\src\Config.php:106
Stack trace:
#0 C:\Users\Jujue\Local Sites\online-health-coach\app\bedrock\vendor\roots\wp-config\src\Config.php(26): Roots\WPConfig\Config::defined('DISALLOW_FILE_E...')
#1 C:\Users\Jujue\Local Sites\online-health-coach\app\bedrock\config\application.php(102): Roots\WPConfig\Config::define('DISALLOW_FILE_E...', true)
#2 C:\Users\Jujue\Local Sites\online-health-coach\app\bedrock\web\wp-config.php(14): require_once('C:\\Users\\Jujue\\...')
#3 C:\Users\Jujue\Local Sites\online-health-coach\app\bedrock\web\wp\wp-load.php(55): require_once('C:\\Users\\Jujue\\...')
#4 C:\Users\Jujue\Local Sites\online-health-coach\app\bedrock\web\wp\wp-admin\admin.php(34): require_once('C:\\Users\\Jujue\\...')
#5 C:\Users\Jujue\Local in C:\Users\Jujue\Local Sites\online-health-coach\app\bedrock\vendor\roots\wp-config\src\Config.php on line 106
[17-Jun-2022 20:36:25 UTC] PHP Fatal error:  Uncaught Roots\WPConfig\Exceptions\ConstantAlreadyDefinedException: Aborted trying to redefine constant 'DISALLOW_FILE_EDIT'. `define('DISALLOW_FILE_EDIT', ...)` has already been occurred elsewhere. in C:\Users\Jujue\Local Sites\online-health-coach\app\bedrock\vendor\roots\wp-config\src\Config.php:106
Stack trace:
#0 C:\Users\Jujue\Local Sites\online-health-coach\app\bedrock\vendor\roots\wp-config\src\Config.php(26): Roots\WPConfig\Config::defined('DISALLOW_FILE_E...')
#1 C:\Users\Jujue\Local Sites\online-health-coach\app\bedrock\config\application.php(102): Roots\WPConfig\Config::define('DISALLOW_FILE_E...', true)
#2 C:\Users\Jujue\Local Sites\online-health-coach\app\bedrock\web\wp-config.php(14): require_once('C:\\Users\\Jujue\\...')
#3 C:\Users\Jujue\Local Sites\online-health-coach\app\bedrock\web\wp\wp-load.php(55): require_once('C:\\Users\\Jujue\\...')
#4 C:\Users\Jujue\Local Sites\online-health-coach\app\bedrock\web\wp\wp-admin\admin.php(34): require_once('C:\\Users\\Jujue\\...')
#5 C:\Users\Jujue\Local in C:\Users\Jujue\Local Sites\online-health-coach\app\bedrock\vendor\roots\wp-config\src\Config.php on line 106
[17-Jun-2022 20:36:25 UTC] PHP Fatal error:  Uncaught Roots\WPConfig\Exceptions\ConstantAlreadyDefinedException: Aborted trying to redefine constant 'DISALLOW_FILE_EDIT'. `define('DISALLOW_FILE_EDIT', ...)` has already been occurred elsewhere. in C:\Users\Jujue\Local Sites\online-health-coach\app\bedrock\vendor\roots\wp-config\src\Config.php:106
Stack trace:
#0 C:\Users\Jujue\Local Sites\online-health-coach\app\bedrock\vendor\roots\wp-config\src\Config.php(26): Roots\WPConfig\Config::defined('DISALLOW_FILE_E...')
#1 C:\Users\Jujue\Local Sites\online-health-coach\app\bedrock\config\application.php(102): Roots\WPConfig\Config::define('DISALLOW_FILE_E...', true)
#2 C:\Users\Jujue\Local Sites\online-health-coach\app\bedrock\web\wp-config.php(14): require_once('C:\\Users\\Jujue\\...')
#3 C:\Users\Jujue\Local Sites\online-health-coach\app\bedrock\web\wp\wp-load.php(55): require_once('C:\\Users\\Jujue\\...')
#4 C:\Users\Jujue\Local Sites\online-health-coach\app\bedrock\web\wp\wp-blog-header.php(13): require_once('C:\\Users\\Jujue\\...')
#5 C:\Users\Jujue\Local in C:\Users\Jujue\Local Sites\online-health-coach\app\bedrock\vendor\roots\wp-config\src\Config.php on line 106
[17-Jun-2022 20:36:32 UTC] PHP Fatal error:  Uncaught Roots\WPConfig\Exceptions\ConstantAlreadyDefinedException: Aborted trying to redefine constant 'DISALLOW_FILE_EDIT'. `define('DISALLOW_FILE_EDIT', ...)` has already been occurred elsewhere. in C:\Users\Jujue\Local Sites\online-health-coach\app\bedrock\vendor\roots\wp-config\src\Config.php:106
Stack trace:
#0 C:\Users\Jujue\Local Sites\online-health-coach\app\bedrock\vendor\roots\wp-config\src\Config.php(26): Roots\WPConfig\Config::defined('DISALLOW_FILE_E...')
#1 C:\Users\Jujue\Local Sites\online-health-coach\app\bedrock\config\application.php(102): Roots\WPConfig\Config::define('DISALLOW_FILE_E...', true)
#2 C:\Users\Jujue\Local Sites\online-health-coach\app\bedrock\web\wp-config.php(14): require_once('C:\\Users\\Jujue\\...')
#3 C:\Users\Jujue\Local Sites\online-health-coach\app\bedrock\web\wp\wp-load.php(55): require_once('C:\\Users\\Jujue\\...')
#4 C:\Users\Jujue\Local Sites\online-health-coach\app\bedrock\web\wp\wp-admin\admin.php(34): require_once('C:\\Users\\Jujue\\...')
#5 C:\Users\Jujue\Local in C:\Users\Jujue\Local Sites\online-health-coach\app\bedrock\vendor\roots\wp-config\src\Config.php on line 106
[17-Jun-2022 20:38:18 UTC] PHP Fatal error:  Uncaught Roots\WPConfig\Exceptions\ConstantAlreadyDefinedException: Aborted trying to redefine constant 'DISALLOW_FILE_EDIT'. `define('DISALLOW_FILE_EDIT', ...)` has already been occurred elsewhere. in C:\Users\Jujue\Local Sites\online-health-coach\app\bedrock\vendor\roots\wp-config\src\Config.php:106
Stack trace:
#0 C:\Users\Jujue\Local Sites\online-health-coach\app\bedrock\vendor\roots\wp-config\src\Config.php(26): Roots\WPConfig\Config::defined('DISALLOW_FILE_E...')
#1 C:\Users\Jujue\Local Sites\online-health-coach\app\bedrock\config\application.php(102): Roots\WPConfig\Config::define('DISALLOW_FILE_E...', true)
#2 C:\Users\Jujue\Local Sites\online-health-coach\app\bedrock\web\wp-config.php(14): require_once('C:\\Users\\Jujue\\...')
#3 C:\Users\Jujue\Local Sites\online-health-coach\app\bedrock\web\wp\wp-load.php(55): require_once('C:\\Users\\Jujue\\...')
#4 C:\Users\Jujue\Local Sites\online-health-coach\app\bedrock\web\wp\wp-blog-header.php(13): require_once('C:\\Users\\Jujue\\...')
#5 C:\Users\Jujue\Local in C:\Users\Jujue\Local Sites\online-health-coach\app\bedrock\vendor\roots\wp-config\src\Config.php on line 106
[17-Jun-2022 20:38:29 UTC] PHP Fatal error:  Uncaught Roots\WPConfig\Exceptions\ConstantAlreadyDefinedException: Aborted trying to redefine constant 'DISALLOW_FILE_EDIT'. `define('DISALLOW_FILE_EDIT', ...)` has already been occurred elsewhere. in C:\Users\Jujue\Local Sites\online-health-coach\app\bedrock\vendor\roots\wp-config\src\Config.php:106
Stack trace:
#0 C:\Users\Jujue\Local Sites\online-health-coach\app\bedrock\vendor\roots\wp-config\src\Config.php(26): Roots\WPConfig\Config::defined('DISALLOW_FILE_E...')
#1 C:\Users\Jujue\Local Sites\online-health-coach\app\bedrock\config\application.php(102): Roots\WPConfig\Config::define('DISALLOW_FILE_E...', true)
#2 C:\Users\Jujue\Local Sites\online-health-coach\app\bedrock\web\wp-config.php(14): require_once('C:\\Users\\Jujue\\...')
#3 C:\Users\Jujue\Local Sites\online-health-coach\app\bedrock\web\wp\wp-load.php(55): require_once('C:\\Users\\Jujue\\...')
#4 C:\Users\Jujue\Local Sites\online-health-coach\app\bedrock\web\wp\wp-blog-header.php(13): require_once('C:\\Users\\Jujue\\...')
#5 C:\Users\Jujue\Local in C:\Users\Jujue\Local Sites\online-health-coach\app\bedrock\vendor\roots\wp-config\src\Config.php on line 106
[17-Jun-2022 20:39:18 UTC] PHP Fatal error:  Uncaught Roots\WPConfig\Exceptions\ConstantAlreadyDefinedException: Aborted trying to redefine constant 'DISALLOW_FILE_EDIT'. `define('DISALLOW_FILE_EDIT', ...)` has already been occurred elsewhere. in C:\Users\Jujue\Local Sites\online-health-coach\app\bedrock\vendor\roots\wp-config\src\Config.php:106
Stack trace:
#0 C:\Users\Jujue\Local Sites\online-health-coach\app\bedrock\vendor\roots\wp-config\src\Config.php(26): Roots\WPConfig\Config::defined('DISALLOW_FILE_E...')
#1 C:\Users\Jujue\Local Sites\online-health-coach\app\bedrock\config\application.php(102): Roots\WPConfig\Config::define('DISALLOW_FILE_E...', true)
#2 C:\Users\Jujue\Local Sites\online-health-coach\app\bedrock\web\wp-config.php(14): require_once('C:\\Users\\Jujue\\...')
#3 C:\Users\Jujue\Local Sites\online-health-coach\app\bedrock\web\wp\wp-load.php(55): require_once('C:\\Users\\Jujue\\...')
#4 C:\Users\Jujue\Local Sites\online-health-coach\app\bedrock\web\wp\wp-admin\admin-ajax.php(22): require_once('C:\\Users\\Jujue\\...')
#5 {main}
  thrown in C:\Users\Jujue\Local Sites\online-health-coach\app\bedrock\vendor\roots\wp-config\src\Config.php on line 106
[17-Jun-2022 20:40:18 UTC] PHP Fatal error:  Uncaught Roots\WPConfig\Exceptions\ConstantAlreadyDefinedException: Aborted trying to redefine constant 'DISALLOW_FILE_EDIT'. `define('DISALLOW_FILE_EDIT', ...)` has already been occurred elsewhere. in C:\Users\Jujue\Local Sites\online-health-coach\app\bedrock\vendor\roots\wp-config\src\Config.php:106
Stack trace:
#0 C:\Users\Jujue\Local Sites\online-health-coach\app\bedrock\vendor\roots\wp-config\src\Config.php(26): Roots\WPConfig\Config::defined('DISALLOW_FILE_E...')
#1 C:\Users\Jujue\Local Sites\online-health-coach\app\bedrock\config\application.php(102): Roots\WPConfig\Config::define('DISALLOW_FILE_E...', true)
#2 C:\Users\Jujue\Local Sites\online-health-coach\app\bedrock\web\wp-config.php(14): require_once('C:\\Users\\Jujue\\...')
#3 C:\Users\Jujue\Local Sites\online-health-coach\app\bedrock\web\wp\wp-load.php(55): require_once('C:\\Users\\Jujue\\...')
#4 C:\Users\Jujue\Local Sites\online-health-coach\app\bedrock\web\wp\wp-admin\admin-ajax.php(22): require_once('C:\\Users\\Jujue\\...')
#5 {main}
  thrown in C:\Users\Jujue\Local Sites\online-health-coach\app\bedrock\vendor\roots\wp-config\src\Config.php on line 106
[17-Jun-2022 20:41:18 UTC] PHP Fatal error:  Uncaught Roots\WPConfig\Exceptions\ConstantAlreadyDefinedException: Aborted trying to redefine constant 'DISALLOW_FILE_EDIT'. `define('DISALLOW_FILE_EDIT', ...)` has already been occurred elsewhere. in C:\Users\Jujue\Local Sites\online-health-coach\app\bedrock\vendor\roots\wp-config\src\Config.php:106
Stack trace:
#0 C:\Users\Jujue\Local Sites\online-health-coach\app\bedrock\vendor\roots\wp-config\src\Config.php(26): Roots\WPConfig\Config::defined('DISALLOW_FILE_E...')
#1 C:\Users\Jujue\Local Sites\online-health-coach\app\bedrock\config\application.php(102): Roots\WPConfig\Config::define('DISALLOW_FILE_E...', true)
#2 C:\Users\Jujue\Local Sites\online-health-coach\app\bedrock\web\wp-config.php(14): require_once('C:\\Users\\Jujue\\...')
#3 C:\Users\Jujue\Local Sites\online-health-coach\app\bedrock\web\wp\wp-load.php(55): require_once('C:\\Users\\Jujue\\...')
#4 C:\Users\Jujue\Local Sites\online-health-coach\app\bedrock\web\wp\wp-admin\admin-ajax.php(22): require_once('C:\\Users\\Jujue\\...')
#5 {main}
  thrown in C:\Users\Jujue\Local Sites\online-health-coach\app\bedrock\vendor\roots\wp-config\src\Config.php on line 106
[17-Jun-2022 20:42:18 UTC] PHP Fatal error:  Uncaught Roots\WPConfig\Exceptions\ConstantAlreadyDefinedException: Aborted trying to redefine constant 'DISALLOW_FILE_EDIT'. `define('DISALLOW_FILE_EDIT', ...)` has already been occurred elsewhere. in C:\Users\Jujue\Local Sites\online-health-coach\app\bedrock\vendor\roots\wp-config\src\Config.php:106
Stack trace:
#0 C:\Users\Jujue\Local Sites\online-health-coach\app\bedrock\vendor\roots\wp-config\src\Config.php(26): Roots\WPConfig\Config::defined('DISALLOW_FILE_E...')
#1 C:\Users\Jujue\Local Sites\online-health-coach\app\bedrock\config\application.php(102): Roots\WPConfig\Config::define('DISALLOW_FILE_E...', true)
#2 C:\Users\Jujue\Local Sites\online-health-coach\app\bedrock\web\wp-config.php(14): require_once('C:\\Users\\Jujue\\...')
#3 C:\Users\Jujue\Local Sites\online-health-coach\app\bedrock\web\wp\wp-load.php(55): require_once('C:\\Users\\Jujue\\...')
#4 C:\Users\Jujue\Local Sites\online-health-coach\app\bedrock\web\wp\wp-admin\admin-ajax.php(22): require_once('C:\\Users\\Jujue\\...')
#5 {main}
  thrown in C:\Users\Jujue\Local Sites\online-health-coach\app\bedrock\vendor\roots\wp-config\src\Config.php on line 106
[17-Jun-2022 20:42:33 UTC] PHP Fatal error:  Uncaught Roots\WPConfig\Exceptions\ConstantAlreadyDefinedException: Aborted trying to redefine constant 'DISALLOW_FILE_EDIT'. `define('DISALLOW_FILE_EDIT', ...)` has already been occurred elsewhere. in C:\Users\Jujue\Local Sites\online-health-coach\app\bedrock\vendor\roots\wp-config\src\Config.php:106
Stack trace:
#0 C:\Users\Jujue\Local Sites\online-health-coach\app\bedrock\vendor\roots\wp-config\src\Config.php(26): Roots\WPConfig\Config::defined('DISALLOW_FILE_E...')
#1 C:\Users\Jujue\Local Sites\online-health-coach\app\bedrock\config\application.php(102): Roots\WPConfig\Config::define('DISALLOW_FILE_E...', true)
#2 C:\Users\Jujue\Local Sites\online-health-coach\app\bedrock\web\wp-config.php(14): require_once('C:\\Users\\Jujue\\...')
#3 C:\Users\Jujue\Local Sites\online-health-coach\app\bedrock\web\wp\wp-load.php(55): require_once('C:\\Users\\Jujue\\...')
#4 C:\Users\Jujue\Local Sites\online-health-coach\app\bedrock\web\wp\wp-admin\admin.php(34): require_once('C:\\Users\\Jujue\\...')
#5 {main}
  thrown in C:\Users\Jujue\Local Sites\online-health-coach\app\bedrock\vendor\roots\wp-config\src\Config.php on line 106
[17-Jun-2022 20:42:37 UTC] PHP Fatal error:  Uncaught Roots\WPConfig\Exceptions\ConstantAlreadyDefinedException: Aborted trying to redefine constant 'DISALLOW_FILE_EDIT'. `define('DISALLOW_FILE_EDIT', ...)` has already been occurred elsewhere. in C:\Users\Jujue\Local Sites\online-health-coach\app\bedrock\vendor\roots\wp-config\src\Config.php:106
Stack trace:
#0 C:\Users\Jujue\Local Sites\online-health-coach\app\bedrock\vendor\roots\wp-config\src\Config.php(26): Roots\WPConfig\Config::defined('DISALLOW_FILE_E...')
#1 C:\Users\Jujue\Local Sites\online-health-coach\app\bedrock\config\application.php(102): Roots\WPConfig\Config::define('DISALLOW_FILE_E...', true)
#2 C:\Users\Jujue\Local Sites\online-health-coach\app\bedrock\web\wp-config.php(14): require_once('C:\\Users\\Jujue\\...')
#3 C:\Users\Jujue\Local Sites\online-health-coach\app\bedrock\web\wp\wp-load.php(55): require_once('C:\\Users\\Jujue\\...')
#4 C:\Users\Jujue\Local Sites\online-health-coach\app\bedrock\web\wp\wp-admin\admin.php(34): require_once('C:\\Users\\Jujue\\...')
#5 {main}
  thrown in C:\Users\Jujue\Local Sites\online-health-coach\app\bedrock\vendor\roots\wp-config\src\Config.php on line 106
[17-Jun-2022 21:25:11 UTC] PHP Fatal error:  Uncaught Roots\WPConfig\Exceptions\ConstantAlreadyDefinedException: Aborted trying to redefine constant 'DISALLOW_FILE_EDIT'. `define('DISALLOW_FILE_EDIT', ...)` has already been occurred elsewhere. in C:\Users\Jujue\Local Sites\online-health-coach\app\bedrock\vendor\roots\wp-config\src\Config.php:106
Stack trace:
#0 C:\Users\Jujue\Local Sites\online-health-coach\app\bedrock\vendor\roots\wp-config\src\Config.php(26): Roots\WPConfig\Config::defined('DISALLOW_FILE_E...')
#1 C:\Users\Jujue\Local Sites\online-health-coach\app\bedrock\config\application.php(102): Roots\WPConfig\Config::define('DISALLOW_FILE_E...', true)
#2 C:\Users\Jujue\Local Sites\online-health-coach\app\bedrock\web\wp-config.php(14): require_once('C:\\Users\\Jujue\\...')
#3 C:\Users\Jujue\Local Sites\online-health-coach\app\bedrock\web\wp\wp-load.php(55): require_once('C:\\Users\\Jujue\\...')
#4 C:\Users\Jujue\Local Sites\online-health-coach\app\bedrock\web\wp\wp-admin\admin-ajax.php(22): require_once('C:\\Users\\Jujue\\...')
#5 {main}
  thrown in C:\Users\Jujue\Local Sites\online-health-coach\app\bedrock\vendor\roots\wp-config\src\Config.php on line 106
[17-Jun-2022 21:27:12 UTC] PHP Fatal error:  Uncaught Roots\WPConfig\Exceptions\ConstantAlreadyDefinedException: Aborted trying to redefine constant 'DISALLOW_FILE_EDIT'. `define('DISALLOW_FILE_EDIT', ...)` has already been occurred elsewhere. in C:\Users\Jujue\Local Sites\online-health-coach\app\bedrock\vendor\roots\wp-config\src\Config.php:106
Stack trace:
#0 C:\Users\Jujue\Local Sites\online-health-coach\app\bedrock\vendor\roots\wp-config\src\Config.php(26): Roots\WPConfig\Config::defined('DISALLOW_FILE_E...')
#1 C:\Users\Jujue\Local Sites\online-health-coach\app\bedrock\config\application.php(102): Roots\WPConfig\Config::define('DISALLOW_FILE_E...', true)
#2 C:\Users\Jujue\Local Sites\online-health-coach\app\bedrock\web\wp-config.php(14): require_once('C:\\Users\\Jujue\\...')
#3 C:\Users\Jujue\Local Sites\online-health-coach\app\bedrock\web\wp\wp-load.php(55): require_once('C:\\Users\\Jujue\\...')
#4 C:\Users\Jujue\Local Sites\online-health-coach\app\bedrock\web\wp\wp-admin\admin-ajax.php(22): require_once('C:\\Users\\Jujue\\...')
#5 {main}
  thrown in C:\Users\Jujue\Local Sites\online-health-coach\app\bedrock\vendor\roots\wp-config\src\Config.php on line 106
[17-Jun-2022 21:29:12 UTC] PHP Fatal error:  Uncaught Roots\WPConfig\Exceptions\ConstantAlreadyDefinedException: Aborted trying to redefine constant 'DISALLOW_FILE_EDIT'. `define('DISALLOW_FILE_EDIT', ...)` has already been occurred elsewhere. in C:\Users\Jujue\Local Sites\online-health-coach\app\bedrock\vendor\roots\wp-config\src\Config.php:106
Stack trace:
#0 C:\Users\Jujue\Local Sites\online-health-coach\app\bedrock\vendor\roots\wp-config\src\Config.php(26): Roots\WPConfig\Config::defined('DISALLOW_FILE_E...')
#1 C:\Users\Jujue\Local Sites\online-health-coach\app\bedrock\config\application.php(102): Roots\WPConfig\Config::define('DISALLOW_FILE_E...', true)
#2 C:\Users\Jujue\Local Sites\online-health-coach\app\bedrock\web\wp-config.php(14): require_once('C:\\Users\\Jujue\\...')
#3 C:\Users\Jujue\Local Sites\online-health-coach\app\bedrock\web\wp\wp-load.php(55): require_once('C:\\Users\\Jujue\\...')
#4 C:\Users\Jujue\Local Sites\online-health-coach\app\bedrock\web\wp\wp-admin\admin-ajax.php(22): require_once('C:\\Users\\Jujue\\...')
#5 {main}
  thrown in C:\Users\Jujue\Local Sites\online-health-coach\app\bedrock\vendor\roots\wp-config\src\Config.php on line 106
[17-Jun-2022 21:29:16 UTC] PHP Fatal error:  Uncaught Roots\WPConfig\Exceptions\ConstantAlreadyDefinedException: Aborted trying to redefine constant 'DISALLOW_FILE_EDIT'. `define('DISALLOW_FILE_EDIT', ...)` has already been occurred elsewhere. in C:\Users\Jujue\Local Sites\online-health-coach\app\bedrock\vendor\roots\wp-config\src\Config.php:106
Stack trace:
#0 C:\Users\Jujue\Local Sites\online-health-coach\app\bedrock\vendor\roots\wp-config\src\Config.php(26): Roots\WPConfig\Config::defined('DISALLOW_FILE_E...')
#1 C:\Users\Jujue\Local Sites\online-health-coach\app\bedrock\config\application.php(102): Roots\WPConfig\Config::define('DISALLOW_FILE_E...', true)
#2 C:\Users\Jujue\Local Sites\online-health-coach\app\bedrock\web\wp-config.php(14): require_once('C:\\Users\\Jujue\\...')
#3 C:\Users\Jujue\Local Sites\online-health-coach\app\bedrock\web\wp\wp-load.php(55): require_once('C:\\Users\\Jujue\\...')
#4 C:\Users\Jujue\Local Sites\online-health-coach\app\bedrock\web\wp\wp-admin\admin-ajax.php(22): require_once('C:\\Users\\Jujue\\...')
#5 {main}
  thrown in C:\Users\Jujue\Local Sites\online-health-coach\app\bedrock\vendor\roots\wp-config\src\Config.php on line 106
[17-Jun-2022 21:30:16 UTC] PHP Fatal error:  Uncaught Roots\WPConfig\Exceptions\ConstantAlreadyDefinedException: Aborted trying to redefine constant 'DISALLOW_FILE_EDIT'. `define('DISALLOW_FILE_EDIT', ...)` has already been occurred elsewhere. in C:\Users\Jujue\Local Sites\online-health-coach\app\bedrock\vendor\roots\wp-config\src\Config.php:106
Stack trace:
#0 C:\Users\Jujue\Local Sites\online-health-coach\app\bedrock\vendor\roots\wp-config\src\Config.php(26): Roots\WPConfig\Config::defined('DISALLOW_FILE_E...')
#1 C:\Users\Jujue\Local Sites\online-health-coach\app\bedrock\config\application.php(102): Roots\WPConfig\Config::define('DISALLOW_FILE_E...', true)
#2 C:\Users\Jujue\Local Sites\online-health-coach\app\bedrock\web\wp-config.php(14): require_once('C:\\Users\\Jujue\\...')
#3 C:\Users\Jujue\Local Sites\online-health-coach\app\bedrock\web\wp\wp-load.php(55): require_once('C:\\Users\\Jujue\\...')
#4 C:\Users\Jujue\Local Sites\online-health-coach\app\bedrock\web\wp\wp-admin\admin-ajax.php(22): require_once('C:\\Users\\Jujue\\...')
#5 {main}
  thrown in C:\Users\Jujue\Local Sites\online-health-coach\app\bedrock\vendor\roots\wp-config\src\Config.php on line 106
[17-Jun-2022 21:31:09 UTC] PHP Fatal error:  Uncaught Roots\WPConfig\Exceptions\ConstantAlreadyDefinedException: Aborted trying to redefine constant 'DISALLOW_FILE_EDIT'. `define('DISALLOW_FILE_EDIT', ...)` has already been occurred elsewhere. in C:\Users\Jujue\Local Sites\online-health-coach\app\bedrock\vendor\roots\wp-config\src\Config.php:106
Stack trace:
#0 C:\Users\Jujue\Local Sites\online-health-coach\app\bedrock\vendor\roots\wp-config\src\Config.php(26): Roots\WPConfig\Config::defined('DISALLOW_FILE_E...')
#1 C:\Users\Jujue\Local Sites\online-health-coach\app\bedrock\config\application.php(102): Roots\WPConfig\Config::define('DISALLOW_FILE_E...', true)
#2 C:\Users\Jujue\Local Sites\online-health-coach\app\bedrock\web\wp-config.php(14): require_once('C:\\Users\\Jujue\\...')
#3 C:\Users\Jujue\Local Sites\online-health-coach\app\bedrock\web\wp\wp-load.php(55): require_once('C:\\Users\\Jujue\\...')
#4 C:\Users\Jujue\Local Sites\online-health-coach\app\bedrock\web\wp\wp-blog-header.php(13): require_once('C:\\Users\\Jujue\\...')
#5 C:\Users\Jujue\Local in C:\Users\Jujue\Local Sites\online-health-coach\app\bedrock\vendor\roots\wp-config\src\Config.php on line 106
[17-Jun-2022 21:31:12 UTC] PHP Fatal error:  Uncaught Roots\WPConfig\Exceptions\ConstantAlreadyDefinedException: Aborted trying to redefine constant 'DISALLOW_FILE_EDIT'. `define('DISALLOW_FILE_EDIT', ...)` has already been occurred elsewhere. in C:\Users\Jujue\Local Sites\online-health-coach\app\bedrock\vendor\roots\wp-config\src\Config.php:106
Stack trace:
#0 C:\Users\Jujue\Local Sites\online-health-coach\app\bedrock\vendor\roots\wp-config\src\Config.php(26): Roots\WPConfig\Config::defined('DISALLOW_FILE_E...')
#1 C:\Users\Jujue\Local Sites\online-health-coach\app\bedrock\config\application.php(102): Roots\WPConfig\Config::define('DISALLOW_FILE_E...', true)
#2 C:\Users\Jujue\Local Sites\online-health-coach\app\bedrock\web\wp-config.php(14): require_once('C:\\Users\\Jujue\\...')
#3 C:\Users\Jujue\Local Sites\online-health-coach\app\bedrock\web\wp\wp-load.php(55): require_once('C:\\Users\\Jujue\\...')
#4 C:\Users\Jujue\Local Sites\online-health-coach\app\bedrock\web\wp\wp-admin\admin-ajax.php(22): require_once('C:\\Users\\Jujue\\...')
#5 {main}
  thrown in C:\Users\Jujue\Local Sites\online-health-coach\app\bedrock\vendor\roots\wp-config\src\Config.php on line 106
[17-Jun-2022 21:31:15 UTC] PHP Fatal error:  Uncaught Roots\WPConfig\Exceptions\ConstantAlreadyDefinedException: Aborted trying to redefine constant 'DISALLOW_FILE_EDIT'. `define('DISALLOW_FILE_EDIT', ...)` has already been occurred elsewhere. in C:\Users\Jujue\Local Sites\online-health-coach\app\bedrock\vendor\roots\wp-config\src\Config.php:106
Stack trace:
#0 C:\Users\Jujue\Local Sites\online-health-coach\app\bedrock\vendor\roots\wp-config\src\Config.php(26): Roots\WPConfig\Config::defined('DISALLOW_FILE_E...')
#1 C:\Users\Jujue\Local Sites\online-health-coach\app\bedrock\config\application.php(102): Roots\WPConfig\Config::define('DISALLOW_FILE_E...', true)
#2 C:\Users\Jujue\Local Sites\online-health-coach\app\bedrock\web\wp-config.php(14): require_once('C:\\Users\\Jujue\\...')
#3 C:\Users\Jujue\Local Sites\online-health-coach\app\bedrock\web\wp\wp-load.php(55): require_once('C:\\Users\\Jujue\\...')
#4 C:\Users\Jujue\Local Sites\online-health-coach\app\bedrock\web\wp\wp-blog-header.php(13): require_once('C:\\Users\\Jujue\\...')
#5 C:\Users\Jujue\Local in C:\Users\Jujue\Local Sites\online-health-coach\app\bedrock\vendor\roots\wp-config\src\Config.php on line 106
[17-Jun-2022 21:31:17 UTC] PHP Fatal error:  Uncaught Roots\WPConfig\Exceptions\ConstantAlreadyDefinedException: Aborted trying to redefine constant 'DISALLOW_FILE_EDIT'. `define('DISALLOW_FILE_EDIT', ...)` has already been occurred elsewhere. in C:\Users\Jujue\Local Sites\online-health-coach\app\bedrock\vendor\roots\wp-config\src\Config.php:106
Stack trace:
#0 C:\Users\Jujue\Local Sites\online-health-coach\app\bedrock\vendor\roots\wp-config\src\Config.php(26): Roots\WPConfig\Config::defined('DISALLOW_FILE_E...')
#1 C:\Users\Jujue\Local Sites\online-health-coach\app\bedrock\config\application.php(102): Roots\WPConfig\Config::define('DISALLOW_FILE_E...', true)
#2 C:\Users\Jujue\Local Sites\online-health-coach\app\bedrock\web\wp-config.php(14): require_once('C:\\Users\\Jujue\\...')
#3 C:\Users\Jujue\Local Sites\online-health-coach\app\bedrock\web\wp\wp-load.php(55): require_once('C:\\Users\\Jujue\\...')
#4 C:\Users\Jujue\Local Sites\online-health-coach\app\bedrock\web\wp\wp-admin\admin-ajax.php(22): require_once('C:\\Users\\Jujue\\...')
#5 {main}
  thrown in C:\Users\Jujue\Local Sites\online-health-coach\app\bedrock\vendor\roots\wp-config\src\Config.php on line 106
[17-Jun-2022 21:33:13 UTC] PHP Fatal error:  Uncaught Roots\WPConfig\Exceptions\ConstantAlreadyDefinedException: Aborted trying to redefine constant 'DISALLOW_FILE_EDIT'. `define('DISALLOW_FILE_EDIT', ...)` has already been occurred elsewhere. in C:\Users\Jujue\Local Sites\online-health-coach\app\bedrock\vendor\roots\wp-config\src\Config.php:106
Stack trace:
#0 C:\Users\Jujue\Local Sites\online-health-coach\app\bedrock\vendor\roots\wp-config\src\Config.php(26): Roots\WPConfig\Config::defined('DISALLOW_FILE_E...')
#1 C:\Users\Jujue\Local Sites\online-health-coach\app\bedrock\config\application.php(102): Roots\WPConfig\Config::define('DISALLOW_FILE_E...', true)
#2 C:\Users\Jujue\Local Sites\online-health-coach\app\bedrock\web\wp-config.php(14): require_once('C:\\Users\\Jujue\\...')
#3 C:\Users\Jujue\Local Sites\online-health-coach\app\bedrock\web\wp\wp-load.php(55): require_once('C:\\Users\\Jujue\\...')
#4 C:\Users\Jujue\Local Sites\online-health-coach\app\bedrock\web\wp\wp-admin\admin-ajax.php(22): require_once('C:\\Users\\Jujue\\...')
#5 {main}
  thrown in C:\Users\Jujue\Local Sites\online-health-coach\app\bedrock\vendor\roots\wp-config\src\Config.php on line 106
[17-Jun-2022 21:33:18 UTC] PHP Fatal error:  Uncaught Roots\WPConfig\Exceptions\ConstantAlreadyDefinedException: Aborted trying to redefine constant 'DISALLOW_FILE_EDIT'. `define('DISALLOW_FILE_EDIT', ...)` has already been occurred elsewhere. in C:\Users\Jujue\Local Sites\online-health-coach\app\bedrock\vendor\roots\wp-config\src\Config.php:106
Stack trace:
#0 C:\Users\Jujue\Local Sites\online-health-coach\app\bedrock\vendor\roots\wp-config\src\Config.php(26): Roots\WPConfig\Config::defined('DISALLOW_FILE_E...')
#1 C:\Users\Jujue\Local Sites\online-health-coach\app\bedrock\config\application.php(102): Roots\WPConfig\Config::define('DISALLOW_FILE_E...', true)
#2 C:\Users\Jujue\Local Sites\online-health-coach\app\bedrock\web\wp-config.php(14): require_once('C:\\Users\\Jujue\\...')
#3 C:\Users\Jujue\Local Sites\online-health-coach\app\bedrock\web\wp\wp-load.php(55): require_once('C:\\Users\\Jujue\\...')
#4 C:\Users\Jujue\Local Sites\online-health-coach\app\bedrock\web\wp\wp-admin\admin-ajax.php(22): require_once('C:\\Users\\Jujue\\...')
#5 {main}
  thrown in C:\Users\Jujue\Local Sites\online-health-coach\app\bedrock\vendor\roots\wp-config\src\Config.php on line 106
[17-Jun-2022 21:35:13 UTC] PHP Fatal error:  Uncaught Roots\WPConfig\Exceptions\ConstantAlreadyDefinedException: Aborted trying to redefine constant 'DISALLOW_FILE_EDIT'. `define('DISALLOW_FILE_EDIT', ...)` has already been occurred elsewhere. in C:\Users\Jujue\Local Sites\online-health-coach\app\bedrock\vendor\roots\wp-config\src\Config.php:106
Stack trace:
#0 C:\Users\Jujue\Local Sites\online-health-coach\app\bedrock\vendor\roots\wp-config\src\Config.php(26): Roots\WPConfig\Config::defined('DISALLOW_FILE_E...')
#1 C:\Users\Jujue\Local Sites\online-health-coach\app\bedrock\config\application.php(102): Roots\WPConfig\Config::define('DISALLOW_FILE_E...', true)
#2 C:\Users\Jujue\Local Sites\online-health-coach\app\bedrock\web\wp-config.php(14): require_once('C:\\Users\\Jujue\\...')
#3 C:\Users\Jujue\Local Sites\online-health-coach\app\bedrock\web\wp\wp-load.php(55): require_once('C:\\Users\\Jujue\\...')
#4 C:\Users\Jujue\Local Sites\online-health-coach\app\bedrock\web\wp\wp-admin\admin-ajax.php(22): require_once('C:\\Users\\Jujue\\...')
#5 {main}
  thrown in C:\Users\Jujue\Local Sites\online-health-coach\app\bedrock\vendor\roots\wp-config\src\Config.php on line 106
[17-Jun-2022 21:35:18 UTC] PHP Fatal error:  Uncaught Roots\WPConfig\Exceptions\ConstantAlreadyDefinedException: Aborted trying to redefine constant 'DISALLOW_FILE_EDIT'. `define('DISALLOW_FILE_EDIT', ...)` has already been occurred elsewhere. in C:\Users\Jujue\Local Sites\online-health-coach\app\bedrock\vendor\roots\wp-config\src\Config.php:106
Stack trace:
#0 C:\Users\Jujue\Local Sites\online-health-coach\app\bedrock\vendor\roots\wp-config\src\Config.php(26): Roots\WPConfig\Config::defined('DISALLOW_FILE_E...')
#1 C:\Users\Jujue\Local Sites\online-health-coach\app\bedrock\config\application.php(102): Roots\WPConfig\Config::define('DISALLOW_FILE_E...', true)
#2 C:\Users\Jujue\Local Sites\online-health-coach\app\bedrock\web\wp-config.php(14): require_once('C:\\Users\\Jujue\\...')
#3 C:\Users\Jujue\Local Sites\online-health-coach\app\bedrock\web\wp\wp-load.php(55): require_once('C:\\Users\\Jujue\\...')
#4 C:\Users\Jujue\Local Sites\online-health-coach\app\bedrock\web\wp\wp-admin\admin-ajax.php(22): require_once('C:\\Users\\Jujue\\...')
#5 {main}
  thrown in C:\Users\Jujue\Local Sites\online-health-coach\app\bedrock\vendor\roots\wp-config\src\Config.php on line 106
[17-Jun-2022 21:37:14 UTC] PHP Fatal error:  Uncaught Roots\WPConfig\Exceptions\ConstantAlreadyDefinedException: Aborted trying to redefine constant 'DISALLOW_FILE_EDIT'. `define('DISALLOW_FILE_EDIT', ...)` has already been occurred elsewhere. in C:\Users\Jujue\Local Sites\online-health-coach\app\bedrock\vendor\roots\wp-config\src\Config.php:106
Stack trace:
#0 C:\Users\Jujue\Local Sites\online-health-coach\app\bedrock\vendor\roots\wp-config\src\Config.php(26): Roots\WPConfig\Config::defined('DISALLOW_FILE_E...')
#1 C:\Users\Jujue\Local Sites\online-health-coach\app\bedrock\config\application.php(102): Roots\WPConfig\Config::define('DISALLOW_FILE_E...', true)
#2 C:\Users\Jujue\Local Sites\online-health-coach\app\bedrock\web\wp-config.php(14): require_once('C:\\Users\\Jujue\\...')
#3 C:\Users\Jujue\Local Sites\online-health-coach\app\bedrock\web\wp\wp-load.php(55): require_once('C:\\Users\\Jujue\\...')
#4 C:\Users\Jujue\Local Sites\online-health-coach\app\bedrock\web\wp\wp-admin\admin-ajax.php(22): require_once('C:\\Users\\Jujue\\...')
#5 {main}
  thrown in C:\Users\Jujue\Local Sites\online-health-coach\app\bedrock\vendor\roots\wp-config\src\Config.php on line 106
[17-Jun-2022 21:37:18 UTC] PHP Fatal error:  Uncaught Roots\WPConfig\Exceptions\ConstantAlreadyDefinedException: Aborted trying to redefine constant 'DISALLOW_FILE_EDIT'. `define('DISALLOW_FILE_EDIT', ...)` has already been occurred elsewhere. in C:\Users\Jujue\Local Sites\online-health-coach\app\bedrock\vendor\roots\wp-config\src\Config.php:106
Stack trace:
#0 C:\Users\Jujue\Local Sites\online-health-coach\app\bedrock\vendor\roots\wp-config\src\Config.php(26): Roots\WPConfig\Config::defined('DISALLOW_FILE_E...')
#1 C:\Users\Jujue\Local Sites\online-health-coach\app\bedrock\config\application.php(102): Roots\WPConfig\Config::define('DISALLOW_FILE_E...', true)
#2 C:\Users\Jujue\Local Sites\online-health-coach\app\bedrock\web\wp-config.php(14): require_once('C:\\Users\\Jujue\\...')
#3 C:\Users\Jujue\Local Sites\online-health-coach\app\bedrock\web\wp\wp-load.php(55): require_once('C:\\Users\\Jujue\\...')
#4 C:\Users\Jujue\Local Sites\online-health-coach\app\bedrock\web\wp\wp-admin\admin-ajax.php(22): require_once('C:\\Users\\Jujue\\...')
#5 {main}
  thrown in C:\Users\Jujue\Local Sites\online-health-coach\app\bedrock\vendor\roots\wp-config\src\Config.php on line 106
[17-Jun-2022 21:39:15 UTC] PHP Fatal error:  Uncaught Roots\WPConfig\Exceptions\ConstantAlreadyDefinedException: Aborted trying to redefine constant 'DISALLOW_FILE_EDIT'. `define('DISALLOW_FILE_EDIT', ...)` has already been occurred elsewhere. in C:\Users\Jujue\Local Sites\online-health-coach\app\bedrock\vendor\roots\wp-config\src\Config.php:106
Stack trace:
#0 C:\Users\Jujue\Local Sites\online-health-coach\app\bedrock\vendor\roots\wp-config\src\Config.php(26): Roots\WPConfig\Config::defined('DISALLOW_FILE_E...')
#1 C:\Users\Jujue\Local Sites\online-health-coach\app\bedrock\config\application.php(102): Roots\WPConfig\Config::define('DISALLOW_FILE_E...', true)
#2 C:\Users\Jujue\Local Sites\online-health-coach\app\bedrock\web\wp-config.php(14): require_once('C:\\Users\\Jujue\\...')
#3 C:\Users\Jujue\Local Sites\online-health-coach\app\bedrock\web\wp\wp-load.php(55): require_once('C:\\Users\\Jujue\\...')
#4 C:\Users\Jujue\Local Sites\online-health-coach\app\bedrock\web\wp\wp-admin\admin-ajax.php(22): require_once('C:\\Users\\Jujue\\...')
#5 {main}
  thrown in C:\Users\Jujue\Local Sites\online-health-coach\app\bedrock\vendor\roots\wp-config\src\Config.php on line 106
[17-Jun-2022 21:39:18 UTC] PHP Fatal error:  Uncaught Roots\WPConfig\Exceptions\ConstantAlreadyDefinedException: Aborted trying to redefine constant 'DISALLOW_FILE_EDIT'. `define('DISALLOW_FILE_EDIT', ...)` has already been occurred elsewhere. in C:\Users\Jujue\Local Sites\online-health-coach\app\bedrock\vendor\roots\wp-config\src\Config.php:106
Stack trace:
#0 C:\Users\Jujue\Local Sites\online-health-coach\app\bedrock\vendor\roots\wp-config\src\Config.php(26): Roots\WPConfig\Config::defined('DISALLOW_FILE_E...')
#1 C:\Users\Jujue\Local Sites\online-health-coach\app\bedrock\config\application.php(102): Roots\WPConfig\Config::define('DISALLOW_FILE_E...', true)
#2 C:\Users\Jujue\Local Sites\online-health-coach\app\bedrock\web\wp-config.php(14): require_once('C:\\Users\\Jujue\\...')
#3 C:\Users\Jujue\Local Sites\online-health-coach\app\bedrock\web\wp\wp-load.php(55): require_once('C:\\Users\\Jujue\\...')
#4 C:\Users\Jujue\Local Sites\online-health-coach\app\bedrock\web\wp\wp-admin\admin-ajax.php(22): require_once('C:\\Users\\Jujue\\...')
#5 {main}
  thrown in C:\Users\Jujue\Local Sites\online-health-coach\app\bedrock\vendor\roots\wp-config\src\Config.php on line 106
[17-Jun-2022 21:41:16 UTC] PHP Fatal error:  Uncaught Roots\WPConfig\Exceptions\ConstantAlreadyDefinedException: Aborted trying to redefine constant 'DISALLOW_FILE_EDIT'. `define('DISALLOW_FILE_EDIT', ...)` has already been occurred elsewhere. in C:\Users\Jujue\Local Sites\online-health-coach\app\bedrock\vendor\roots\wp-config\src\Config.php:106
Stack trace:
#0 C:\Users\Jujue\Local Sites\online-health-coach\app\bedrock\vendor\roots\wp-config\src\Config.php(26): Roots\WPConfig\Config::defined('DISALLOW_FILE_E...')
#1 C:\Users\Jujue\Local Sites\online-health-coach\app\bedrock\config\application.php(102): Roots\WPConfig\Config::define('DISALLOW_FILE_E...', true)
#2 C:\Users\Jujue\Local Sites\online-health-coach\app\bedrock\web\wp-config.php(14): require_once('C:\\Users\\Jujue\\...')
#3 C:\Users\Jujue\Local Sites\online-health-coach\app\bedrock\web\wp\wp-load.php(55): require_once('C:\\Users\\Jujue\\...')
#4 C:\Users\Jujue\Local Sites\online-health-coach\app\bedrock\web\wp\wp-admin\admin-ajax.php(22): require_once('C:\\Users\\Jujue\\...')
#5 {main}
  thrown in C:\Users\Jujue\Local Sites\online-health-coach\app\bedrock\vendor\roots\wp-config\src\Config.php on line 106
[17-Jun-2022 21:41:19 UTC] PHP Fatal error:  Uncaught Roots\WPConfig\Exceptions\ConstantAlreadyDefinedException: Aborted trying to redefine constant 'DISALLOW_FILE_EDIT'. `define('DISALLOW_FILE_EDIT', ...)` has already been occurred elsewhere. in C:\Users\Jujue\Local Sites\online-health-coach\app\bedrock\vendor\roots\wp-config\src\Config.php:106
Stack trace:
#0 C:\Users\Jujue\Local Sites\online-health-coach\app\bedrock\vendor\roots\wp-config\src\Config.php(26): Roots\WPConfig\Config::defined('DISALLOW_FILE_E...')
#1 C:\Users\Jujue\Local Sites\online-health-coach\app\bedrock\config\application.php(102): Roots\WPConfig\Config::define('DISALLOW_FILE_E...', true)
#2 C:\Users\Jujue\Local Sites\online-health-coach\app\bedrock\web\wp-config.php(14): require_once('C:\\Users\\Jujue\\...')
#3 C:\Users\Jujue\Local Sites\online-health-coach\app\bedrock\web\wp\wp-load.php(55): require_once('C:\\Users\\Jujue\\...')
#4 C:\Users\Jujue\Local Sites\online-health-coach\app\bedrock\web\wp\wp-admin\admin-ajax.php(22): require_once('C:\\Users\\Jujue\\...')
#5 {main}
  thrown in C:\Users\Jujue\Local Sites\online-health-coach\app\bedrock\vendor\roots\wp-config\src\Config.php on line 106
[17-Jun-2022 21:43:16 UTC] PHP Fatal error:  Uncaught Roots\WPConfig\Exceptions\ConstantAlreadyDefinedException: Aborted trying to redefine constant 'DISALLOW_FILE_EDIT'. `define('DISALLOW_FILE_EDIT', ...)` has already been occurred elsewhere. in C:\Users\Jujue\Local Sites\online-health-coach\app\bedrock\vendor\roots\wp-config\src\Config.php:106
Stack trace:
#0 C:\Users\Jujue\Local Sites\online-health-coach\app\bedrock\vendor\roots\wp-config\src\Config.php(26): Roots\WPConfig\Config::defined('DISALLOW_FILE_E...')
#1 C:\Users\Jujue\Local Sites\online-health-coach\app\bedrock\config\application.php(102): Roots\WPConfig\Config::define('DISALLOW_FILE_E...', true)
#2 C:\Users\Jujue\Local Sites\online-health-coach\app\bedrock\web\wp-config.php(14): require_once('C:\\Users\\Jujue\\...')
#3 C:\Users\Jujue\Local Sites\online-health-coach\app\bedrock\web\wp\wp-load.php(55): require_once('C:\\Users\\Jujue\\...')
#4 C:\Users\Jujue\Local Sites\online-health-coach\app\bedrock\web\wp\wp-admin\admin-ajax.php(22): require_once('C:\\Users\\Jujue\\...')
#5 {main}
  thrown in C:\Users\Jujue\Local Sites\online-health-coach\app\bedrock\vendor\roots\wp-config\src\Config.php on line 106
[17-Jun-2022 21:45:17 UTC] PHP Fatal error:  Uncaught Roots\WPConfig\Exceptions\ConstantAlreadyDefinedException: Aborted trying to redefine constant 'DISALLOW_FILE_EDIT'. `define('DISALLOW_FILE_EDIT', ...)` has already been occurred elsewhere. in C:\Users\Jujue\Local Sites\online-health-coach\app\bedrock\vendor\roots\wp-config\src\Config.php:106
Stack trace:
#0 C:\Users\Jujue\Local Sites\online-health-coach\app\bedrock\vendor\roots\wp-config\src\Config.php(26): Roots\WPConfig\Config::defined('DISALLOW_FILE_E...')
#1 C:\Users\Jujue\Local Sites\online-health-coach\app\bedrock\config\application.php(102): Roots\WPConfig\Config::define('DISALLOW_FILE_E...', true)
#2 C:\Users\Jujue\Local Sites\online-health-coach\app\bedrock\web\wp-config.php(14): require_once('C:\\Users\\Jujue\\...')
#3 C:\Users\Jujue\Local Sites\online-health-coach\app\bedrock\web\wp\wp-load.php(55): require_once('C:\\Users\\Jujue\\...')
#4 C:\Users\Jujue\Local Sites\online-health-coach\app\bedrock\web\wp\wp-admin\admin-ajax.php(22): require_once('C:\\Users\\Jujue\\...')
#5 {main}
  thrown in C:\Users\Jujue\Local Sites\online-health-coach\app\bedrock\vendor\roots\wp-config\src\Config.php on line 106
[17-Jun-2022 21:47:18 UTC] PHP Fatal error:  Uncaught Roots\WPConfig\Exceptions\ConstantAlreadyDefinedException: Aborted trying to redefine constant 'DISALLOW_FILE_EDIT'. `define('DISALLOW_FILE_EDIT', ...)` has already been occurred elsewhere. in C:\Users\Jujue\Local Sites\online-health-coach\app\bedrock\vendor\roots\wp-config\src\Config.php:106
Stack trace:
#0 C:\Users\Jujue\Local Sites\online-health-coach\app\bedrock\vendor\roots\wp-config\src\Config.php(26): Roots\WPConfig\Config::defined('DISALLOW_FILE_E...')
#1 C:\Users\Jujue\Local Sites\online-health-coach\app\bedrock\config\application.php(102): Roots\WPConfig\Config::define('DISALLOW_FILE_E...', true)
#2 C:\Users\Jujue\Local Sites\online-health-coach\app\bedrock\web\wp-config.php(14): require_once('C:\\Users\\Jujue\\...')
#3 C:\Users\Jujue\Local Sites\online-health-coach\app\bedrock\web\wp\wp-load.php(55): require_once('C:\\Users\\Jujue\\...')
#4 C:\Users\Jujue\Local Sites\online-health-coach\app\bedrock\web\wp\wp-admin\admin-ajax.php(22): require_once('C:\\Users\\Jujue\\...')
#5 {main}
  thrown in C:\Users\Jujue\Local Sites\online-health-coach\app\bedrock\vendor\roots\wp-config\src\Config.php on line 106
[17-Jun-2022 21:49:18 UTC] PHP Fatal error:  Uncaught Roots\WPConfig\Exceptions\ConstantAlreadyDefinedException: Aborted trying to redefine constant 'DISALLOW_FILE_EDIT'. `define('DISALLOW_FILE_EDIT', ...)` has already been occurred elsewhere. in C:\Users\Jujue\Local Sites\online-health-coach\app\bedrock\vendor\roots\wp-config\src\Config.php:106
Stack trace:
#0 C:\Users\Jujue\Local Sites\online-health-coach\app\bedrock\vendor\roots\wp-config\src\Config.php(26): Roots\WPConfig\Config::defined('DISALLOW_FILE_E...')
#1 C:\Users\Jujue\Local Sites\online-health-coach\app\bedrock\config\application.php(102): Roots\WPConfig\Config::define('DISALLOW_FILE_E...', true)
#2 C:\Users\Jujue\Local Sites\online-health-coach\app\bedrock\web\wp-config.php(14): require_once('C:\\Users\\Jujue\\...')
#3 C:\Users\Jujue\Local Sites\online-health-coach\app\bedrock\web\wp\wp-load.php(55): require_once('C:\\Users\\Jujue\\...')
#4 C:\Users\Jujue\Local Sites\online-health-coach\app\bedrock\web\wp\wp-admin\admin-ajax.php(22): require_once('C:\\Users\\Jujue\\...')
#5 {main}
  thrown in C:\Users\Jujue\Local Sites\online-health-coach\app\bedrock\vendor\roots\wp-config\src\Config.php on line 106
[17-Jun-2022 21:51:19 UTC] PHP Fatal error:  Uncaught Roots\WPConfig\Exceptions\ConstantAlreadyDefinedException: Aborted trying to redefine constant 'DISALLOW_FILE_EDIT'. `define('DISALLOW_FILE_EDIT', ...)` has already been occurred elsewhere. in C:\Users\Jujue\Local Sites\online-health-coach\app\bedrock\vendor\roots\wp-config\src\Config.php:106
Stack trace:
#0 C:\Users\Jujue\Local Sites\online-health-coach\app\bedrock\vendor\roots\wp-config\src\Config.php(26): Roots\WPConfig\Config::defined('DISALLOW_FILE_E...')
#1 C:\Users\Jujue\Local Sites\online-health-coach\app\bedrock\config\application.php(102): Roots\WPConfig\Config::define('DISALLOW_FILE_E...', true)
#2 C:\Users\Jujue\Local Sites\online-health-coach\app\bedrock\web\wp-config.php(14): require_once('C:\\Users\\Jujue\\...')
#3 C:\Users\Jujue\Local Sites\online-health-coach\app\bedrock\web\wp\wp-load.php(55): require_once('C:\\Users\\Jujue\\...')
#4 C:\Users\Jujue\Local Sites\online-health-coach\app\bedrock\web\wp\wp-admin\admin-ajax.php(22): require_once('C:\\Users\\Jujue\\...')
#5 {main}
  thrown in C:\Users\Jujue\Local Sites\online-health-coach\app\bedrock\vendor\roots\wp-config\src\Config.php on line 106
[17-Jun-2022 21:53:20 UTC] PHP Fatal error:  Uncaught Roots\WPConfig\Exceptions\ConstantAlreadyDefinedException: Aborted trying to redefine constant 'DISALLOW_FILE_EDIT'. `define('DISALLOW_FILE_EDIT', ...)` has already been occurred elsewhere. in C:\Users\Jujue\Local Sites\online-health-coach\app\bedrock\vendor\roots\wp-config\src\Config.php:106
Stack trace:
#0 C:\Users\Jujue\Local Sites\online-health-coach\app\bedrock\vendor\roots\wp-config\src\Config.php(26): Roots\WPConfig\Config::defined('DISALLOW_FILE_E...')
#1 C:\Users\Jujue\Local Sites\online-health-coach\app\bedrock\config\application.php(102): Roots\WPConfig\Config::define('DISALLOW_FILE_E...', true)
#2 C:\Users\Jujue\Local Sites\online-health-coach\app\bedrock\web\wp-config.php(14): require_once('C:\\Users\\Jujue\\...')
#3 C:\Users\Jujue\Local Sites\online-health-coach\app\bedrock\web\wp\wp-load.php(55): require_once('C:\\Users\\Jujue\\...')
#4 C:\Users\Jujue\Local Sites\online-health-coach\app\bedrock\web\wp\wp-admin\admin-ajax.php(22): require_once('C:\\Users\\Jujue\\...')
#5 {main}
  thrown in C:\Users\Jujue\Local Sites\online-health-coach\app\bedrock\vendor\roots\wp-config\src\Config.php on line 106
[17-Jun-2022 21:55:20 UTC] PHP Fatal error:  Uncaught Roots\WPConfig\Exceptions\ConstantAlreadyDefinedException: Aborted trying to redefine constant 'DISALLOW_FILE_EDIT'. `define('DISALLOW_FILE_EDIT', ...)` has already been occurred elsewhere. in C:\Users\Jujue\Local Sites\online-health-coach\app\bedrock\vendor\roots\wp-config\src\Config.php:106
Stack trace:
#0 C:\Users\Jujue\Local Sites\online-health-coach\app\bedrock\vendor\roots\wp-config\src\Config.php(26): Roots\WPConfig\Config::defined('DISALLOW_FILE_E...')
#1 C:\Users\Jujue\Local Sites\online-health-coach\app\bedrock\config\application.php(102): Roots\WPConfig\Config::define('DISALLOW_FILE_E...', true)
#2 C:\Users\Jujue\Local Sites\online-health-coach\app\bedrock\web\wp-config.php(14): require_once('C:\\Users\\Jujue\\...')
#3 C:\Users\Jujue\Local Sites\online-health-coach\app\bedrock\web\wp\wp-load.php(55): require_once('C:\\Users\\Jujue\\...')
#4 C:\Users\Jujue\Local Sites\online-health-coach\app\bedrock\web\wp\wp-admin\admin-ajax.php(22): require_once('C:\\Users\\Jujue\\...')
#5 {main}
  thrown in C:\Users\Jujue\Local Sites\online-health-coach\app\bedrock\vendor\roots\wp-config\src\Config.php on line 106
